# JRE version: OpenJDK Runtime Environment (17.0.10) (build 17.0.10+0--11609105)
# Java VM: OpenJDK 64-Bit Server VM (17.0.10+0--11609105, mixed mode, tiered, compressed oops, compressed class ptrs, g1 gc, windows-amd64)
GC Precious Log:
 CPUs: 4 total, 4 available
 Memory: 14255M
 Large Page Support: Disabled
 NUMA Support: Disabled
 Compressed Oops: Enabled (32-bit)
 Heap Region Size: 1M
 Heap Min Capacity: 8M
 Heap Initial Capacity: 224M
 Heap Max Capacity: 2G
 Pre-touch: Disabled
 Parallel Workers: 4
 Concurrent Workers: 1
 Concurrent Refinement Workers: 4
 Periodic GC: Disabled
Heap:
 garbage-first heap   total 233472K, used 186573K [0x0000000080000000, 0x0000000100000000)
  region size 1024K, 82 young (83968K), 11 survivors (11264K)
 Metaspace       used 108315K, committed 109120K, reserved 1179648K
  class space    used 15110K, committed 15488K, reserved 1048576K
GC Heap History (20 events):
Event: 8.688 GC heap before
{Heap before GC invocations=28 (full 0):
 garbage-first heap   total 116736K, used 100968K [0x0000000080000000, 0x0000000100000000)
  region size 1024K, 30 young (30720K), 1 survivors (1024K)
 Metaspace       used 68507K, committed 69120K, reserved 1114112K
  class space    used 9289K, committed 9600K, reserved 1048576K
}
Event: 8.692 GC heap after
{Heap after GC invocations=29 (full 0):
 garbage-first heap   total 233472K, used 70481K [0x0000000080000000, 0x0000000100000000)
  region size 1024K, 4 young (4096K), 4 survivors (4096K)
 Metaspace       used 68507K, committed 69120K, reserved 1114112K
  class space    used 9289K, committed 9600K, reserved 1048576K
}
Event: 9.926 GC heap before
{Heap before GC invocations=30 (full 0):
 garbage-first heap   total 233472K, used 183121K [0x0000000080000000, 0x0000000100000000)
  region size 1024K, 110 young (112640K), 4 survivors (4096K)
 Metaspace       used 78386K, committed 79040K, reserved 1179648K
  class space    used 10642K, committed 10944K, reserved 1048576K
}
Event: 9.934 GC heap after
{Heap after GC invocations=31 (full 0):
 garbage-first heap   total 233472K, used 80866K [0x0000000080000000, 0x0000000100000000)
  region size 1024K, 11 young (11264K), 11 survivors (11264K)
 Metaspace       used 78386K, committed 79040K, reserved 1179648K
  class space    used 10642K, committed 10944K, reserved 1048576K
}
Event: 9.945 GC heap before
{Heap before GC invocations=31 (full 0):
 garbage-first heap   total 233472K, used 80866K [0x0000000080000000, 0x0000000100000000)
  region size 1024K, 12 young (12288K), 11 survivors (11264K)
 Metaspace       used 78458K, committed 79040K, reserved 1179648K
  class space    used 10653K, committed 10944K, reserved 1048576K
}
Event: 9.950 GC heap after
{Heap after GC invocations=32 (full 0):
 garbage-first heap   total 233472K, used 81710K [0x0000000080000000, 0x0000000100000000)
  region size 1024K, 2 young (2048K), 2 survivors (2048K)
 Metaspace       used 78458K, committed 79040K, reserved 1179648K
  class space    used 10653K, committed 10944K, reserved 1048576K
}
Event: 10.888 GC heap before
{Heap before GC invocations=32 (full 0):
 garbage-first heap   total 233472K, used 182062K [0x0000000080000000, 0x0000000100000000)
  region size 1024K, 99 young (101376K), 2 survivors (2048K)
 Metaspace       used 83236K, committed 83904K, reserved 1179648K
  class space    used 11318K, committed 11648K, reserved 1048576K
}
Event: 10.895 GC heap after
{Heap after GC invocations=33 (full 0):
 garbage-first heap   total 233472K, used 86637K [0x0000000080000000, 0x0000000100000000)
  region size 1024K, 7 young (7168K), 7 survivors (7168K)
 Metaspace       used 83236K, committed 83904K, reserved 1179648K
  class space    used 11318K, committed 11648K, reserved 1048576K
}
Event: 12.033 GC heap before
{Heap before GC invocations=33 (full 0):
 garbage-first heap   total 233472K, used 183917K [0x0000000080000000, 0x0000000100000000)
  region size 1024K, 102 young (104448K), 7 survivors (7168K)
 Metaspace       used 90157K, committed 90880K, reserved 1179648K
  class space    used 12506K, committed 12864K, reserved 1048576K
}
Event: 12.045 GC heap after
{Heap after GC invocations=34 (full 0):
 garbage-first heap   total 233472K, used 89998K [0x0000000080000000, 0x0000000100000000)
  region size 1024K, 10 young (10240K), 10 survivors (10240K)
 Metaspace       used 90157K, committed 90880K, reserved 1179648K
  class space    used 12506K, committed 12864K, reserved 1048576K
}
Event: 13.161 GC heap before
{Heap before GC invocations=34 (full 0):
 garbage-first heap   total 233472K, used 188302K [0x0000000080000000, 0x0000000100000000)
  region size 1024K, 106 young (108544K), 10 survivors (10240K)
 Metaspace       used 98077K, committed 98752K, reserved 1179648K
  class space    used 13635K, committed 13952K, reserved 1048576K
}
Event: 13.171 GC heap after
{Heap after GC invocations=35 (full 0):
 garbage-first heap   total 233472K, used 95196K [0x0000000080000000, 0x0000000100000000)
  region size 1024K, 9 young (9216K), 9 survivors (9216K)
 Metaspace       used 98077K, committed 98752K, reserved 1179648K
  class space    used 13635K, committed 13952K, reserved 1048576K
}
Event: 14.624 GC heap before
{Heap before GC invocations=35 (full 0):
 garbage-first heap   total 233472K, used 190428K [0x0000000080000000, 0x0000000100000000)
  region size 1024K, 102 young (104448K), 9 survivors (9216K)
 Metaspace       used 102120K, committed 102848K, reserved 1179648K
  class space    used 14243K, committed 14592K, reserved 1048576K
}
Event: 14.640 GC heap after
{Heap after GC invocations=36 (full 0):
 garbage-first heap   total 233472K, used 104116K [0x0000000080000000, 0x0000000100000000)
  region size 1024K, 13 young (13312K), 13 survivors (13312K)
 Metaspace       used 102120K, committed 102848K, reserved 1179648K
  class space    used 14243K, committed 14592K, reserved 1048576K
}
Event: 15.908 GC heap before
{Heap before GC invocations=36 (full 0):
 garbage-first heap   total 233472K, used 189108K [0x0000000080000000, 0x0000000100000000)
  region size 1024K, 97 young (99328K), 13 survivors (13312K)
 Metaspace       used 102948K, committed 103744K, reserved 1179648K
  class space    used 14360K, committed 14720K, reserved 1048576K
}
Event: 15.933 GC heap after
{Heap after GC invocations=37 (full 0):
 garbage-first heap   total 233472K, used 107857K [0x0000000080000000, 0x0000000100000000)
  region size 1024K, 6 young (6144K), 6 survivors (6144K)
 Metaspace       used 102948K, committed 103744K, reserved 1179648K
  class space    used 14360K, committed 14720K, reserved 1048576K
}
Event: 19.033 GC heap before
{Heap before GC invocations=37 (full 0):
 garbage-first heap   total 233472K, used 189777K [0x0000000080000000, 0x0000000100000000)
  region size 1024K, 87 young (89088K), 6 survivors (6144K)
 Metaspace       used 104080K, committed 104768K, reserved 1179648K
  class space    used 14528K, committed 14848K, reserved 1048576K
}
Event: 19.043 GC heap after
{Heap after GC invocations=38 (full 0):
 garbage-first heap   total 233472K, used 110750K [0x0000000080000000, 0x0000000100000000)
  region size 1024K, 9 young (9216K), 9 survivors (9216K)
 Metaspace       used 104080K, committed 104768K, reserved 1179648K
  class space    used 14528K, committed 14848K, reserved 1048576K
}
Event: 20.013 GC heap before
{Heap before GC invocations=38 (full 0):
 garbage-first heap   total 233472K, used 190622K [0x0000000080000000, 0x0000000100000000)
  region size 1024K, 88 young (90112K), 9 survivors (9216K)
 Metaspace       used 106963K, committed 107776K, reserved 1179648K
  class space    used 14897K, committed 15296K, reserved 1048576K
}
Event: 20.025 GC heap after
{Heap after GC invocations=39 (full 0):
 garbage-first heap   total 233472K, used 115917K [0x0000000080000000, 0x0000000100000000)
  region size 1024K, 11 young (11264K), 11 survivors (11264K)
 Metaspace       used 106963K, committed 107776K, reserved 1179648K
  class space    used 14897K, committed 15296K, reserved 1048576K
}

